2011-11-06T02:32:34 Checking update-file '/usr/share/apps/kconf_update/kcookiescfg.upd' for new updates
2011-11-06T02:32:34 kcookiescfg.upd: Found new update 'kde2.2/b1'
2011-11-06T02:32:34 kcookiescfg.upd: File 'kcookiejarrc' does not exist or empty, skipping
2011-11-06T02:32:34 kcookiescfg.upd: Found new update 'kde3.1/cvs'
2011-11-06T02:32:34 kcookiescfg.upd: File 'kcookiejarrc' does not exist or empty, skipping
2011-11-06T02:32:34 Checking update-file '/usr/share/apps/kconf_update/korn-3-4-config_change.upd' for new updates
2011-11-06T02:32:34 korn-3-4-config_change.upd: Found new update 'korn_kde_3_4_config_change'
2011-11-06T02:32:34 korn-3-4-config_change.upd: File 'kornrc' does not exist or empty, skipping
2011-11-06T02:32:34 Checking update-file '/usr/share/apps/kconf_update/kdev-gen-settings.upd' for new updates
2011-11-06T02:32:34 kdev-gen-settings.upd: Found new update 'kdev-gen-settings-update/5'
2011-11-06T02:32:34 kdev-gen-settings.upd: Running script 'kdev-gen-settings-kconf_update'
2011-11-06T02:32:34 kdev-gen-settings.upd: Skipping kdeveloprc:AStyle:Brackets, already exists.
2011-11-06T02:32:34 kdev-gen-settings.upd: Skipping kdeveloprc:AStyle:Fill, already exists.
2011-11-06T02:32:34 kdev-gen-settings.upd: Skipping kdeveloprc:AStyle:FillSpaces, already exists.
2011-11-06T02:32:34 kdev-gen-settings.upd: Skipping kdeveloprc:AStyle:IndentBrackets, already exists.
2011-11-06T02:32:34 kdev-gen-settings.upd: Skipping kdeveloprc:AStyle:IndentCases, already exists.
2011-11-06T02:32:34 kdev-gen-settings.upd: Skipping kdeveloprc:AStyle:IndentClasses, already exists.
2011-11-06T02:32:34 kdev-gen-settings.upd: Skipping kdeveloprc:AStyle:IndentLabels, already exists.
2011-11-06T02:32:34 kdev-gen-settings.upd: Skipping kdeveloprc:AStyle:IndentNamespaces, already exists.
2011-11-06T02:32:34 kdev-gen-settings.upd: Skipping kdeveloprc:AStyle:IndentSwitches, already exists.
2011-11-06T02:32:34 kdev-gen-settings.upd: Skipping kdeveloprc:AStyle:KeepBlocks, already exists.
2011-11-06T02:32:34 kdev-gen-settings.upd: Skipping kdeveloprc:AStyle:KeepStatements, already exists.
2011-11-06T02:32:34 kdev-gen-settings.upd: Skipping kdeveloprc:AStyle:MaxStatement, already exists.
2011-11-06T02:32:34 kdev-gen-settings.upd: Skipping kdeveloprc:AStyle:MinConditional, already exists.
2011-11-06T02:32:34 kdev-gen-settings.upd: Skipping kdeveloprc:AStyle:PadOperators, already exists.
2011-11-06T02:32:34 kdev-gen-settings.upd: Skipping kdeveloprc:AStyle:PadParentheses, already exists.
2011-11-06T02:32:34 kdev-gen-settings.upd: Skipping kdeveloprc:AStyle:Style, already exists.
2011-11-06T02:32:34 kdev-gen-settings.upd: Skipping kdeveloprc:Editor:EmbeddedKTextEditor, already exists.
2011-11-06T02:32:34 kdev-gen-settings.upd: Skipping kdeveloprc:General Options:Read Last Project On Startup, already exists.
2011-11-06T02:32:34 kdev-gen-settings.upd: Skipping kdeveloprc:Kate View Defaults:Icon Bar, already exists.
2011-11-06T02:32:34 kdev-gen-settings.upd: Skipping kdeveloprc:Mainwindow:Height 768, already exists.
2011-11-06T02:32:34 kdev-gen-settings.upd: Skipping kdeveloprc:Mainwindow:Width 1024, already exists.
2011-11-06T02:32:34 kdev-gen-settings.upd: Skipping kdeveloprc:Mainwindow Toolbar QextMdiTaskBar:Hidden, already exists.
2011-11-06T02:32:34 kdev-gen-settings.upd: Skipping kdeveloprc:Mainwindow Toolbar QextMdiTaskBar:IconSize, already exists.
2011-11-06T02:32:34 kdev-gen-settings.upd: Skipping kdeveloprc:Mainwindow Toolbar QextMdiTaskBar:IconText, already exists.
2011-11-06T02:32:34 kdev-gen-settings.upd: Skipping kdeveloprc:Mainwindow Toolbar QextMdiTaskBar:Index, already exists.
2011-11-06T02:32:34 kdev-gen-settings.upd: Skipping kdeveloprc:Mainwindow Toolbar QextMdiTaskBar:NewLine, already exists.
2011-11-06T02:32:34 kdev-gen-settings.upd: Skipping kdeveloprc:Mainwindow Toolbar QextMdiTaskBar:Offset, already exists.
2011-11-06T02:32:34 kdev-gen-settings.upd: Skipping kdeveloprc:Mainwindow Toolbar QextMdiTaskBar:Position, already exists.
2011-11-06T02:32:34 kdev-gen-settings.upd: Skipping kdeveloprc:Mainwindow Toolbar browserToolBar:Hidden, already exists.
2011-11-06T02:32:34 kdev-gen-settings.upd: Skipping kdeveloprc:Mainwindow Toolbar browserToolBar:IconSize, already exists.
2011-11-06T02:32:34 kdev-gen-settings.upd: Skipping kdeveloprc:Mainwindow Toolbar browserToolBar:IconText, already exists.
2011-11-06T02:32:34 kdev-gen-settings.upd: Skipping kdeveloprc:Mainwindow Toolbar browserToolBar:Index, already exists.
2011-11-06T02:32:34 kdev-gen-settings.upd: Skipping kdeveloprc:Mainwindow Toolbar browserToolBar:NewLine, already exists.
2011-11-06T02:32:34 kdev-gen-settings.upd: Skipping kdeveloprc:Mainwindow Toolbar browserToolBar:Offset, already exists.
2011-11-06T02:32:34 kdev-gen-settings.upd: Skipping kdeveloprc:Mainwindow Toolbar browserToolBar:Position, already exists.
2011-11-06T02:32:34 kdev-gen-settings.upd: Skipping kdeveloprc:Mainwindow Toolbar mainToolBar:Hidden, already exists.
2011-11-06T02:32:34 kdev-gen-settings.upd: Skipping kdeveloprc:Mainwindow Toolbar mainToolBar:IconSize, already exists.
2011-11-06T02:32:34 kdev-gen-settings.upd: Skipping kdeveloprc:Mainwindow Toolbar mainToolBar:IconText, already exists.
2011-11-06T02:32:34 kdev-gen-settings.upd: Skipping kdeveloprc:Mainwindow Toolbar mainToolBar:Index, already exists.
2011-11-06T02:32:34 kdev-gen-settings.upd: Skipping kdeveloprc:Mainwindow Toolbar mainToolBar:NewLine, already exists.
2011-11-06T02:32:34 kdev-gen-settings.upd: Skipping kdeveloprc:Mainwindow Toolbar mainToolBar:Offset, already exists.
2011-11-06T02:32:34 kdev-gen-settings.upd: Skipping kdeveloprc:Mainwindow Toolbar mainToolBar:Position, already exists.
2011-11-06T02:32:34 kdev-gen-settings.upd: Skipping kdeveloprc:Plugins:KDevScripting, already exists.
2011-11-06T02:32:34 kdev-gen-settings.upd: Skipping kdeveloprc:UI:CloseOnHover, already exists.
2011-11-06T02:32:34 kdev-gen-settings.upd: Skipping kdeveloprc:UI:CloseOnHoverDelay, already exists.
2011-11-06T02:32:34 kdev-gen-settings.upd: Skipping kdeveloprc:UI:MDIMode, already exists.
2011-11-06T02:32:34 kdev-gen-settings.upd: Skipping kdeveloprc:UI:MDIStyle, already exists.
2011-11-06T02:32:34 kdev-gen-settings.upd: Skipping kdeveloprc:UI:OpenNewTabAfterCurrent, already exists.
2011-11-06T02:32:34 kdev-gen-settings.upd: Skipping kdeveloprc:UI:ShowCloseTabsButton, already exists.
2011-11-06T02:32:34 kdev-gen-settings.upd: Skipping kdeveloprc:UI:ShowTabIcons, already exists.
2011-11-06T02:32:34 kdev-gen-settings.upd: Skipping kdeveloprc:UI:TabVisibility, already exists.
2011-11-06T02:32:34 Checking update-file '/usr/share/apps/kconf_update/kpalmdoc.upd' for new updates
2011-11-06T02:32:34 kpalmdoc.upd: Found new update 'kdepim_3.3'
2011-11-06T02:32:34 kpalmdoc.upd: File 'converterrc' does not exist or empty, skipping
2011-11-06T02:32:34 Checking update-file '/usr/share/apps/kconf_update/korganizer.upd' for new updates
2011-11-06T02:32:34 korganizer.upd: Found new update 'korganizer_3.4_GroupwareCleanup'
2011-11-06T02:32:34 korganizer.upd: File 'korganizerrc' does not exist or empty, skipping
2011-11-06T02:32:34 korganizer.upd: Found new update 'korganizer_3.4_WebExport'
2011-11-06T02:32:34 korganizer.upd: File 'korganizerrc' does not exist or empty, skipping
2011-11-06T02:32:34 korganizer.upd: Found new update 'korganizer_3.4_FilterAction'
2011-11-06T02:32:34 korganizer.upd: File 'korganizerrc' does not exist or empty, skipping
2011-11-06T02:32:34 korganizer.upd: Found new update 'korganizer_3.4_HolidayPlugin'
2011-11-06T02:32:34 korganizer.upd: File 'korganizerrc' does not exist or empty, skipping
2011-11-06T02:32:34 Checking update-file '/usr/share/apps/kconf_update/kded.upd' for new updates
2011-11-06T02:32:34 kded.upd: Found new update 'kde3.0'
2011-11-06T02:32:34 kded.upd: File 'kdedrc' does not exist or empty, skipping
2011-11-06T02:32:34 Checking update-file '/usr/share/apps/kconf_update/kpgp.upd' for new updates
2011-11-06T02:32:34 kpgp.upd: Found new update 'preKDE3_a'
2011-11-06T02:32:34 kpgp.upd: File 'kpgprc' does not exist or empty, skipping
2011-11-06T02:32:34 kpgp.upd: Found new update '3.1-1'
2011-11-06T02:32:34 kpgp.upd: File 'kpgprc' does not exist or empty, skipping
2011-11-06T02:32:34 Checking update-file '/usr/share/apps/kconf_update/kolab-resource.upd' for new updates
2011-11-06T02:32:34 kolab-resource.upd: Found new update 'kolab-calendar-resource-rename'
2011-11-06T02:32:34 kolab-resource.upd: File 'kresources/calendar/stdrc' does not exist or empty, skipping
2011-11-06T02:32:34 kolab-resource.upd: Found new update 'kolab-contact-resource-rename'
2011-11-06T02:32:34 kolab-resource.upd: File 'kresources/contact/stdrc' does not exist or empty, skipping
2011-11-06T02:32:34 kolab-resource.upd: Found new update 'kolab-notes-resource-rename'
2011-11-06T02:32:34 kolab-resource.upd: File 'kresources/notes/stdrc' does not exist or empty, skipping
2011-11-06T02:32:34 Checking update-file '/usr/share/apps/kconf_update/kmail.upd' for new updates
2011-11-06T02:32:34 kmail.upd: Found new update '1'
2011-11-06T02:32:34 kmail.upd: Running script 'upgrade-transport.pl'
2011-11-06T02:32:34 kmail.upd: Script removes kmailrc:sending mail:Mailer
2011-11-06T02:32:34 kmail.upd: Script removes kmailrc:sending mail:Method
2011-11-06T02:32:34 kmail.upd: Script removes kmailrc:sending mail:Precommand
2011-11-06T02:32:34 kmail.upd: Script removes kmailrc:sending mail:Smtp Host
2011-11-06T02:32:34 kmail.upd: Script removes kmailrc:sending mail:Smtp Password
2011-11-06T02:32:34 kmail.upd: Script removes kmailrc:sending mail:Smtp Port
2011-11-06T02:32:34 kmail.upd: Script removes kmailrc:sending mail:Smtp Username
2011-11-06T02:32:34 kmail.upd: Found new update '4'
2011-11-06T02:32:34 kmail.upd: Found new update '5'
2011-11-06T02:32:34 kmail.upd: File 'kpgprc' does not exist or empty, skipping
2011-11-06T02:32:34 kmail.upd: Found new update '6'
2011-11-06T02:32:34 kmail.upd: Found new update '7'
2011-11-06T02:32:34 kmail.upd: Found new update '8'
2011-11-06T02:32:34 kmail.upd: Running script 'kmail-pgpidentity.pl'
2011-11-06T02:32:34 kmail.upd: Found new update '9'
2011-11-06T02:32:34 kmail.upd: Running script 'upgrade-signature.pl'
2011-11-06T02:32:34 kmail.upd: Found new update '3.1-update-identities'
2011-11-06T02:32:34 kmail.upd: Running script 'kmail-upd-identities.pl'
2011-11-06T02:32:34 kmail.upd: Found new update '3.1-use-identity-uoids'
2011-11-06T02:32:34 kmail.upd: Running script 'kmail-3.1-use-UOID-for-identities.pl'
2011-11-06T02:32:34 [Script] Use of uninitialized value in hash element at /usr/share/apps/kconf_update/kmail-3.1-use-UOID-for-identities.pl line 45, <> line 7.
2011-11-06T02:32:34 [Script] Use of uninitialized value within %nameToUOID in concatenation (.) or string at /usr/share/apps/kconf_update/kmail-3.1-use-UOID-for-identities.pl line 45, <> line 7.
2011-11-06T02:32:34 [Script] Use of uninitialized value in hash element at /usr/share/apps/kconf_update/kmail-3.1-use-UOID-for-identities.pl line 49, <> line 7.
2011-11-06T02:32:34 [Script] Use of uninitialized value within %nameToUOID in concatenation (.) or string at /usr/share/apps/kconf_update/kmail-3.1-use-UOID-for-identities.pl line 49, <> line 7.
2011-11-06T02:32:34 kmail.upd: Script removes kmailrc:General:Default Identity
2011-11-06T02:32:34 kmail.upd: Script removes kmailrc:Composer:previous-identity
2011-11-06T02:32:34 kmail.upd: Updating kmailrc:Composer:previous-identity to ''
2011-11-06T02:32:34 kmail.upd: Updating kmailrc:General:Default Identity to ''
2011-11-06T02:32:34 kmail.upd: Found new update '3.1-new-mail-notification'
2011-11-06T02:32:34 kmail.upd: Running script 'kmail-3.1-update-new-mail-notification-settings.pl'
2011-11-06T02:32:34 kmail.upd: Script removes kmailrc:General:msgbox-on-mail
2011-11-06T02:32:34 kmail.upd: Script removes kmailrc:General:exec-on-mail
2011-11-06T02:32:34 kmail.upd: Script removes kmailrc:General:exec-on-mail-cmd
2011-11-06T02:32:34 kmail.upd: Found new update '3.2-update-loop-on-goto-unread-settings'
2011-11-06T02:32:34 kmail.upd: Running script 'kmail-3.2-update-loop-on-goto-unread-settings.sh'
2011-11-06T02:32:34 kmail.upd: Found new update '3.1.4-dont-use-UOID-0-for-any-identity'
2011-11-06T02:32:34 kmail.upd: Running script 'kmail-3.1.4-dont-use-UOID-0-for-any-identity.pl'
2011-11-06T02:32:34 kmail.upd: Found new update '3.2-misc'
2011-11-06T02:32:34 kmail.upd: Running script 'kmail-3.2-misc.sh'
2011-11-06T02:32:34 kmail.upd: Found new update '3.2-moves'
2011-11-06T02:32:34 kmail.upd: Found new update '3.3-use-ID-for-accounts'
2011-11-06T02:32:34 kmail.upd: Running script 'kmail-3.3-use-ID-for-accounts.pl'
2011-11-06T02:32:34 kmail.upd: Found new update '3.3-update-filter-rules'
2011-11-06T02:32:34 kmail.upd: !! Script 'kmail-3.3-update-filter-rules.pl' not found in line 99 : 'Script=kmail-3.3-update-filter-rules.pl,perl'
2011-11-06T02:32:34 kmail.upd: Found new update '3.3-move-identities-to-own-file'
2011-11-06T02:32:34 kmail.upd: Running script 'kmail-3.3-move-identities.pl'
2011-11-06T02:32:34 kmail.upd: Script removes kmailrc:General:Default Identity
2011-11-06T02:32:34 kmail.upd: Updating emailidentities:General:Default Identity to ''
2011-11-06T02:32:34 kmail.upd: Found new update '3.3-aegypten-kpgprc-to-kmailrc'
2011-11-06T02:32:34 kmail.upd: File 'kpgprc' does not exist or empty, skipping
2011-11-06T02:32:34 kmail.upd: Found new update '3.3-aegypten-kpgprc-to-libkleopatrarc'
2011-11-06T02:32:34 kmail.upd: File 'kpgprc' does not exist or empty, skipping
2011-11-06T02:32:34 kmail.upd: Found new update '3.3-aegypten-emailidentities-split-sign-encr-keys'
2011-11-06T02:32:34 kmail.upd: Running script 'kmail-3.3-split-sign-encr-keys.sh'
2011-11-06T02:32:34 kmail.upd: Found new update '3.3-misc'
2011-11-06T02:32:34 kmail.upd: Running script 'kmail-3.3-misc.pl'
2011-11-06T02:32:34 kmail.upd: Found new update '3.3b1-misc'
2011-11-06T02:32:34 kmail.upd: Running script 'kmail-3.3b1-misc.pl'
2011-11-06T02:32:34 kmail.upd: Found new update '3.4'
2011-11-06T02:32:34 kmail.upd: Running script 'kmail-3.4-misc.pl'
2011-11-06T02:32:34 kmail.upd: Found new update '3.4a'
2011-11-06T02:32:34 kmail.upd: Found new update '3.4b'
2011-11-06T02:32:34 kmail.upd: Found new update '3.4.1'
2011-11-06T02:32:34 kmail.upd: Running script 'kmail-3.4.1-update-status-filters.pl'
2011-11-06T02:32:34 kmail.upd: Found new update '3.5.4'
2011-11-06T02:32:34 kmail.upd: Found new update '3.5.7-imap-flag-migration-2'
2011-11-06T02:32:34 kmail.upd: Running script 'kmail-3.5-trigger-flag-migration.pl'
2011-11-06T02:32:34 Checking update-file '/usr/share/apps/kconf_update/konversation.upd' for new updates
2011-11-06T02:32:34 konversation.upd: Found new update '0.20-customfonts'
2011-11-06T02:32:34 konversation.upd: File 'konversationrc' does not exist or empty, skipping
2011-11-06T02:32:34 konversation.upd: Found new update '0.20-quickbuttons'
2011-11-06T02:32:34 konversation.upd: File 'konversationrc' does not exist or empty, skipping
2011-11-06T02:32:34 konversation.upd: Found new update '0.19-notifylists'
2011-11-06T02:32:34 konversation.upd: File 'konversationrc' does not exist or empty, skipping
2011-11-06T02:32:34 konversation.upd: Found new update '0.19-appearance'
2011-11-06T02:32:34 konversation.upd: File 'konversationrc' does not exist or empty, skipping
2011-11-06T02:32:34 konversation.upd: Found new update '0.19-browser'
2011-11-06T02:32:34 konversation.upd: File 'konversationrc' does not exist or empty, skipping
2011-11-06T02:32:34 konversation.upd: Found new update '0.19-flags'
2011-11-06T02:32:34 konversation.upd: File 'konversationrc' does not exist or empty, skipping
2011-11-06T02:32:34 konversation.upd: Found new update '0.19-highlightcolors'
2011-11-06T02:32:34 konversation.upd: File 'konversationrc' does not exist or empty, skipping
2011-11-06T02:32:34 konversation.upd: Found new update '0.19-osdcolors'
2011-11-06T02:32:34 konversation.upd: File 'konversationrc' does not exist or empty, skipping
2011-11-06T02:32:34 konversation.upd: Found new update '0.19-sortorder'
2011-11-06T02:32:34 konversation.upd: File 'konversationrc' does not exist or empty, skipping
2011-11-06T02:32:34 konversation.upd: Found new update '0.19-colors'
2011-11-06T02:32:34 konversation.upd: File 'konversationrc' does not exist or empty, skipping
2011-11-06T02:32:34 konversation.upd: Found new update '0.19-generaloptions'
2011-11-06T02:32:34 konversation.upd: File 'konversationrc' does not exist or empty, skipping
2011-11-06T02:32:34 konversation.upd: Found new update '0.19-cleanup-themes'
2011-11-06T02:32:34 konversation.upd: File 'konversationrc' does not exist or empty, skipping
2011-11-06T02:32:34 konversation.upd: Found new update '0.19-cleanup-notifylist'
2011-11-06T02:32:34 konversation.upd: File 'konversationrc' does not exist or empty, skipping
2011-11-06T02:32:34 konversation.upd: Found new update '0.19-cleanup-dcc'
2011-11-06T02:32:34 konversation.upd: File 'konversationrc' does not exist or empty, skipping
2011-11-06T02:32:34 konversation.upd: Found new update '0.19-cleanup-colors'
2011-11-06T02:32:34 konversation.upd: File 'konversationrc' does not exist or empty, skipping
2011-11-06T02:32:34 konversation.upd: Found new update '0.19-cleanup-hilightlist'
2011-11-06T02:32:34 konversation.upd: File 'konversationrc' does not exist or empty, skipping
2011-11-06T02:32:34 konversation.upd: Found new update '0.19-cleanup-notificationmessages'
2011-11-06T02:32:34 konversation.upd: File 'konversationrc' does not exist or empty, skipping
2011-11-06T02:32:34 konversation.upd: Found new update '0.19-cleanup-ledcolors'
2011-11-06T02:32:34 konversation.upd: File 'konversationrc' does not exist or empty, skipping
2011-11-06T02:32:34 konversation.upd: Found new update '0.19-cleanup-kmditaskbar'
2011-11-06T02:32:34 konversation.upd: File 'konversationrc' does not exist or empty, skipping
2011-11-06T02:32:34 konversation.upd: Found new update '0.19-channelsplitter'
2011-11-06T02:32:34 konversation.upd: File 'konversationrc' does not exist or empty, skipping
2011-11-06T02:32:34 Checking update-file '/usr/share/apps/kconf_update/korn-3-5-update.upd' for new updates
2011-11-06T02:32:34 korn-3-5-update.upd: Found new update 'korn-3-5-ssl-update'
2011-11-06T02:32:34 korn-3-5-update.upd: File 'kornrc' does not exist or empty, skipping
2011-11-06T02:32:34 korn-3-5-update.upd: Found new update 'korn-3-5-metadata-update'
2011-11-06T02:32:34 korn-3-5-update.upd: File 'kornrc' does not exist or empty, skipping
2011-11-06T02:32:34 Checking update-file '/usr/share/apps/kconf_update/kioslave.upd' for new updates
2011-11-06T02:32:34 kioslave.upd: Found new update 'kde2.2/r1'
2011-11-06T02:32:34 kioslave.upd: File 'kioslaverc' does not exist or empty, skipping
2011-11-06T02:32:34 kioslave.upd: Skipping update 'kde2.2/r1'
2011-11-06T02:32:34 kioslave.upd: File 'kioslaverc' does not exist or empty, skipping
2011-11-06T02:32:34 kioslave.upd: Found new update 'kde2.2/r2'
2011-11-06T02:32:34 kioslave.upd: File 'kioslaverc' does not exist or empty, skipping
2011-11-06T02:32:34 kioslave.upd: Found new update 'kde2.2/r3'
2011-11-06T02:32:34 kioslave.upd: File 'kioslaverc' does not exist or empty, skipping
2011-11-06T02:32:34 Checking update-file '/usr/share/apps/kconf_update/kio_help.upd' for new updates
2011-11-06T02:32:34 kio_help.upd: Found new update 'kde3_2'
2011-11-06T02:32:34 kio_help.upd: Running script 'move_kio_help_cache.sh'
2011-11-06T02:32:34 [Script] mv: cannot stat `/home/ugacademics/.kde/share/apps/kio_help/cache': No such file or directory
2011-11-06T02:32:34 [Script] rmdir: failed to remove `/home/ugacademics/.kde/share/apps/kio_help': No such file or directory
2011-11-06T02:32:34 Checking update-file '/usr/share/apps/kconf_update/kpilot.upd' for new updates
2011-11-06T02:32:34 kpilot.upd: Found new update 'kdepim_3.3'
2011-11-06T02:32:34 kpilot.upd: File 'kpilotrc' does not exist or empty, skipping
2011-11-06T02:32:34 kpilot.upd: Found new update 'kdepim_3.3_SplitConfig'
2011-11-06T02:32:34 kpilot.upd: File 'kpilotrc' does not exist or empty, skipping
2011-11-06T02:32:34 kpilot.upd: Skipping update 'kdepim_3.3_SplitConfig'
2011-11-06T02:32:34 kpilot.upd: File 'kpilotrc' does not exist or empty, skipping
2011-11-06T02:32:34 Checking update-file '/usr/share/apps/kconf_update/kdeprintrc.upd' for new updates
2011-11-06T02:32:34 kdeprintrc.upd: Found new update 'kde-3.1-toolbar'
2011-11-06T02:32:34 kdeprintrc.upd: Skipping kdeprintrc:General:ViewMenuBar, already exists.
2011-11-06T02:32:34 kdeprintrc.upd: RemoveKey removes kdeprintrc:General:ViewToolBar
2011-11-06T02:32:34 Checking update-file '/usr/share/kde4/apps/kconf_update/kuriikwsfilter.upd' for new updates
2011-11-06T02:32:34 kuriikwsfilter.upd: Found new update 'post-kde3.1/cvs'
2011-11-06T02:32:34 kuriikwsfilter.upd: File 'kuriikwsfilterrc' does not exist or empty, skipping
2011-11-06T02:32:34 Checking update-file '/usr/share/kde4/apps/kconf_update/kopete-pluginloader.upd' for new updates
2011-11-06T02:32:34 kopete-pluginloader.upd: Found new update 'kopete0.7/r1'
2011-11-06T02:32:34 kopete-pluginloader.upd: Running script 'kopete-pluginloader.pl'
2011-11-06T02:32:34 kopete-pluginloader.upd: Script removes kopeterc::Modules
2011-11-06T02:32:34 Checking update-file '/usr/share/kde4/apps/kconf_update/konqsidebartng.upd' for new updates
2011-11-06T02:32:34 konqsidebartng.upd: Found new update 'konqsidebartng_rc'
2011-11-06T02:32:34 konqsidebartng.upd: Found new update 'konqsidebartng_entries'
2011-11-06T02:32:34 konqsidebartng.upd: Running script 'move_konqsidebartng_entries.sh'
2011-11-06T02:32:34 Checking update-file '/usr/share/kde4/apps/kconf_update/mouse_cursor_theme.upd' for new updates
2011-11-06T02:32:34 mouse_cursor_theme.upd: Found new update 'kde3.4.99'
2011-11-06T02:32:35 Checking update-file '/usr/share/kde4/apps/kconf_update/kfmclient_3_2.upd' for new updates
2011-11-06T02:32:35 kfmclient_3_2.upd: Found new update 'kfmclient_3_2'
2011-11-06T02:32:35 kfmclient_3_2.upd: File 'kfmclientrc' does not exist or empty, skipping
2011-11-06T02:32:35 Checking update-file '/usr/share/kde4/apps/kconf_update/ksmserver.upd' for new updates
2011-11-06T02:32:35 ksmserver.upd: Found new update 'kde3'
2011-11-06T02:32:35 ksmserver.upd: Running script 'move_session_config.sh'
2011-11-06T02:32:35 Checking update-file '/usr/share/kde4/apps/kconf_update/kopete-jabberpriorityaddition-kconf_update.upd' for new updates
2011-11-06T02:32:35 kopete-jabberpriorityaddition-kconf_update.upd: Found new update 'kopete0.9/r1'
2011-11-06T02:32:35 kopete-jabberpriorityaddition-kconf_update.upd: Running script 'kopete-jabberpriorityaddition-kconf_update.sh'
2011-11-06T02:32:35 kopete-jabberpriorityaddition-kconf_update.upd: Skipping kopeterc:KopeteChatWindowGroupMode:Height 1024, already exists.
2011-11-06T02:32:35 kopete-jabberpriorityaddition-kconf_update.upd: Skipping kopeterc:KopeteChatWindowGroupMode:Height 1050, already exists.
2011-11-06T02:32:35 kopete-jabberpriorityaddition-kconf_update.upd: Skipping kopeterc:KopeteChatWindowGroupMode:Height 1200, already exists.
2011-11-06T02:32:35 kopete-jabberpriorityaddition-kconf_update.upd: Skipping kopeterc:KopeteChatWindowGroupMode:Height 480, already exists.
2011-11-06T02:32:35 kopete-jabberpriorityaddition-kconf_update.upd: Skipping kopeterc:KopeteChatWindowGroupMode:Height 600, already exists.
2011-11-06T02:32:35 kopete-jabberpriorityaddition-kconf_update.upd: Skipping kopeterc:KopeteChatWindowGroupMode:Height 768, already exists.
2011-11-06T02:32:35 kopete-jabberpriorityaddition-kconf_update.upd: Skipping kopeterc:KopeteChatWindowGroupMode:Height 800, already exists.
2011-11-06T02:32:35 kopete-jabberpriorityaddition-kconf_update.upd: Skipping kopeterc:KopeteChatWindowGroupMode:Width 1024, already exists.
2011-11-06T02:32:35 kopete-jabberpriorityaddition-kconf_update.upd: Skipping kopeterc:KopeteChatWindowGroupMode:Width 1280, already exists.
2011-11-06T02:32:35 kopete-jabberpriorityaddition-kconf_update.upd: Skipping kopeterc:KopeteChatWindowGroupMode:Width 1400, already exists.
2011-11-06T02:32:35 kopete-jabberpriorityaddition-kconf_update.upd: Skipping kopeterc:KopeteChatWindowGroupMode:Width 1450, already exists.
2011-11-06T02:32:35 kopete-jabberpriorityaddition-kconf_update.upd: Skipping kopeterc:KopeteChatWindowGroupMode:Width 1600, already exists.
2011-11-06T02:32:35 kopete-jabberpriorityaddition-kconf_update.upd: Skipping kopeterc:KopeteChatWindowGroupMode:Width 1900, already exists.
2011-11-06T02:32:35 kopete-jabberpriorityaddition-kconf_update.upd: Skipping kopeterc:KopeteChatWindowGroupMode:Width 800, already exists.
2011-11-06T02:32:35 kopete-jabberpriorityaddition-kconf_update.upd: Skipping kopeterc:KopeteChatWindowIndividualMode:Height 1024, already exists.
2011-11-06T02:32:35 kopete-jabberpriorityaddition-kconf_update.upd: Skipping kopeterc:KopeteChatWindowIndividualMode:Height 1050, already exists.
2011-11-06T02:32:35 kopete-jabberpriorityaddition-kconf_update.upd: Skipping kopeterc:KopeteChatWindowIndividualMode:Height 1200, already exists.
2011-11-06T02:32:35 kopete-jabberpriorityaddition-kconf_update.upd: Skipping kopeterc:KopeteChatWindowIndividualMode:Height 480, already exists.
2011-11-06T02:32:35 kopete-jabberpriorityaddition-kconf_update.upd: Skipping kopeterc:KopeteChatWindowIndividualMode:Height 600, already exists.
2011-11-06T02:32:35 kopete-jabberpriorityaddition-kconf_update.upd: Skipping kopeterc:KopeteChatWindowIndividualMode:Height 768, already exists.
2011-11-06T02:32:35 kopete-jabberpriorityaddition-kconf_update.upd: Skipping kopeterc:KopeteChatWindowIndividualMode:Height 800, already exists.
2011-11-06T02:32:35 kopete-jabberpriorityaddition-kconf_update.upd: Skipping kopeterc:KopeteChatWindowIndividualMode:Width 1024, already exists.
2011-11-06T02:32:35 kopete-jabberpriorityaddition-kconf_update.upd: Skipping kopeterc:KopeteChatWindowIndividualMode:Width 1280, already exists.
2011-11-06T02:32:35 kopete-jabberpriorityaddition-kconf_update.upd: Skipping kopeterc:KopeteChatWindowIndividualMode:Width 1400, already exists.
2011-11-06T02:32:35 kopete-jabberpriorityaddition-kconf_update.upd: Skipping kopeterc:KopeteChatWindowIndividualMode:Width 1450, already exists.
2011-11-06T02:32:35 kopete-jabberpriorityaddition-kconf_update.upd: Skipping kopeterc:KopeteChatWindowIndividualMode:Width 1600, already exists.
2011-11-06T02:32:35 kopete-jabberpriorityaddition-kconf_update.upd: Skipping kopeterc:KopeteChatWindowIndividualMode:Width 1900, already exists.
2011-11-06T02:32:35 kopete-jabberpriorityaddition-kconf_update.upd: Skipping kopeterc:KopeteChatWindowIndividualMode:Width 800, already exists.
2011-11-06T02:32:35 Checking update-file '/usr/share/kde4/apps/kconf_update/audiocd.upd' for new updates
2011-11-06T02:32:35 audiocd.upd: Found new update '1'
2011-11-06T02:32:35 audiocd.upd: File 'kcmaudiocdrc' does not exist or empty, skipping
2011-11-06T02:32:35 Checking update-file '/usr/share/kde4/apps/kconf_update/kwinsticky.upd' for new updates
2011-11-06T02:32:35 kwinsticky.upd: Found new update 'stickyupd3.1'
2011-11-06T02:32:35 kwinsticky.upd: File 'kwin.eventsrc' does not exist or empty, skipping
2011-11-06T02:32:35 Checking update-file '/usr/share/kde4/apps/kconf_update/kopete-account-kconf_update.upd' for new updates
2011-11-06T02:32:35 kopete-account-kconf_update.upd: Found new update 'kopete0.7/r1'
2011-11-06T02:32:35 kopete-account-kconf_update.upd: Running script 'kopete-account-kconf_update.sh'
2011-11-06T02:32:35 kopete-account-kconf_update.upd: Found new update 'kopete0.10/r1'
2011-11-06T02:32:35 kopete-account-kconf_update.upd: Running script 'kopete-account-0.10.pl'
2011-11-06T02:32:35 Checking update-file '/usr/share/kde4/apps/kconf_update/mailtransports.upd' for new updates
2011-11-06T02:32:35 mailtransports.upd: Found new update 'initial-kmail-migration'
2011-11-06T02:32:35 mailtransports.upd: Running script 'migrate-transports.pl' with arguments 'kmail'
2011-11-06T02:32:35 mailtransports.upd: Updating mailtransports:Transport kmail-1:host to '/usr/sbin/sendmail'
2011-11-06T02:32:35 mailtransports.upd: Updating mailtransports:Transport kmail-1:name to 'Sendmail'
2011-11-06T02:32:35 mailtransports.upd: Updating mailtransports:Transport kmail-1:type to 'sendmail'
2011-11-06T02:32:35 mailtransports.upd: Found new update 'initial-knode-migration'
2011-11-06T02:32:35 mailtransports.upd: File 'knoderc' does not exist or empty, skipping
2011-11-06T02:32:35 Checking update-file '/usr/share/kde4/apps/kconf_update/kaccel.upd' for new updates
2011-11-06T02:32:35 kaccel.upd: Found new update 'kde3.3/r1'
2011-11-06T02:32:35 kaccel.upd: Running script 'convertShortcuts.pl'
2011-11-06T02:32:35 Checking update-file '/usr/share/kde4/apps/kconf_update/kcmdisplayrc.upd' for new updates
2011-11-06T02:32:35 kcmdisplayrc.upd: Found new update 'kde3'
2011-11-06T02:32:35 Checking update-file '/usr/share/kde4/apps/kconf_update/socks.upd' for new updates
2011-11-06T02:32:35 socks.upd: Found new update 'kde3.0/r1'
2011-11-06T02:32:35 socks.upd: File 'ksocksrc' does not exist or empty, skipping
2011-11-06T02:32:35 Checking update-file '/usr/share/kde4/apps/kconf_update/kcharselect.upd' for new updates
2011-11-06T02:32:35 kcharselect.upd: Found new update '1'
2011-11-06T02:32:35 kcharselect.upd: File 'kcharselectrc' does not exist or empty, skipping
2011-11-06T02:32:35 Checking update-file '/usr/share/kde4/apps/kconf_update/kwin_fsp_workarounds_1.upd' for new updates
2011-11-06T02:32:35 kwin_fsp_workarounds_1.upd: Found new update 'kde351'
2011-11-06T02:32:35 kwin_fsp_workarounds_1.upd: Running script 'kwin_update_default_rules' with arguments 'fsp_workarounds_1.kwinrules'
2011-11-06T02:32:35 Checking update-file '/usr/share/kde4/apps/kconf_update/kwinupdatewindowsettings.upd' for new updates
2011-11-06T02:32:35 kwinupdatewindowsettings.upd: Found new update 'kde33b1'
2011-11-06T02:32:35 kwinupdatewindowsettings.upd: Running script 'kwin_update_window_settings'
2011-11-06T02:32:35 Checking update-file '/usr/share/kde4/apps/kconf_update/kwin_focus1.upd' for new updates
2011-11-06T02:32:35 kwin_focus1.upd: Found new update 'kwin_focus1'
2011-11-06T02:32:35 kwin_focus1.upd: Running script 'kwin_focus1.sh'
2011-11-06T02:32:35 Checking update-file '/usr/share/kde4/apps/kconf_update/favicons.upd' for new updates
2011-11-06T02:32:35 favicons.upd: Found new update 'kde3_2'
2011-11-06T02:32:35 favicons.upd: Running script 'move_favicons.sh'
2011-11-06T02:32:35 Checking update-file '/usr/share/kde4/apps/kconf_update/kwin_on_off.upd' for new updates
2011-11-06T02:32:35 kwin_on_off.upd: Found new update 'kwin_on_off'
2011-11-06T02:32:35 kwin_on_off.upd: Running script 'on-off_to_true-false.sh'
2011-11-06T02:32:35 Checking update-file '/usr/share/kde4/apps/kconf_update/kwin_focus2.upd' for new updates
2011-11-06T02:32:35 kwin_focus2.upd: Found new update 'kwin_focus2'
2011-11-06T02:32:35 kwin_focus2.upd: Running script 'kwin_focus2.sh'
2011-11-06T02:32:35 Checking update-file '/usr/share/kde4/apps/kconf_update/kwin.upd' for new updates
2011-11-06T02:32:35 kwin.upd: Found new update 'kde3.0r1'
2011-11-06T02:32:35 kwin.upd: Running script 'pluginlibFix.pl'
2011-11-06T02:32:35 kwin.upd: Updating kwinrc:Style:PluginLib to 'kwin3_oxygen'
2011-11-06T02:32:35 kwin.upd: Updating kwinrc:Style:ShowToolTips to 'true'
2011-11-06T02:32:35 kwin.upd: Updating kwinrc:Windows:AutoRaise to 'off'
2011-11-06T02:32:35 kwin.upd: Updating kwinrc:Windows:AutoRaiseInterval to '0'
2011-11-06T02:32:35 kwin.upd: Updating kwinrc:Windows:BorderSnapZone to '10'
2011-11-06T02:32:35 kwin.upd: Updating kwinrc:Windows:ClickRaise to 'on'
2011-11-06T02:32:35 kwin.upd: Updating kwinrc:Windows:FocusPolicy to 'ClickToFocus'
2011-11-06T02:32:35 kwin.upd: Updating kwinrc:Windows:MoveMode to 'Opaque'
2011-11-06T02:32:35 kwin.upd: Updating kwinrc:Windows:ResizeMode to 'Opaque'
2011-11-06T02:32:35 kwin.upd: Updating kwinrc:Windows:WindowSnapZone to '10'
2011-11-06T02:32:35 kwin.upd: Updating kwinrc:Windows:WindowsPlacement to 'Smart'
2011-11-06T02:32:35 kwin.upd: Found new update 'kde3.2Xinerama'
2011-11-06T02:32:35 Checking update-file '/usr/share/kde4/apps/kconf_update/kate-2.4.upd' for new updates
2011-11-06T02:32:35 kate-2.4.upd: Found new update 'kate2.4'
2011-11-06T02:32:35 Checking update-file '/usr/share/kde4/apps/kconf_update/konqueror_gestures_kde321_update.upd' for new updates
2011-11-06T02:32:35 konqueror_gestures_kde321_update.upd: Found new update 'kde321'
2011-11-06T02:32:35 konqueror_gestures_kde321_update.upd: Running script 'khotkeys_update' with arguments '--id konqueror_gestures_kde321'
2011-11-06T02:32:36 [Script] khotkeys_update(1819) KShortcut::KShortcut: unusable primary shortcut sequence  "" 
2011-11-06T02:32:36 Checking update-file '/usr/share/kde4/apps/kconf_update/kopete-nameTracking.upd' for new updates
2011-11-06T02:32:36 kopete-nameTracking.upd: Found new update 'kopete0.9/r1'
2011-11-06T02:32:36 kopete-nameTracking.upd: !! Script 'kopete-nameTracking-kconf_update' not found in line 3 : 'Script=kopete-nameTracking-kconf_update'
2011-11-06T02:32:36 Checking update-file '/usr/share/kde4/apps/kconf_update/kwin3_plugin.upd' for new updates
2011-11-06T02:32:36 kwin3_plugin.upd: Found new update 'kde3.2'
2011-11-06T02:32:36 kwin3_plugin.upd: Running script 'kwin3_plugin.pl'
2011-11-06T02:32:36 kwin3_plugin.upd: Updating kwinrc:Style:PluginLib to 'kwin3_oxygen'
2011-11-06T02:32:36 kwin3_plugin.upd: Updating kwinrc:Style:ShowToolTips to 'true'
2011-11-06T02:32:36 kwin3_plugin.upd: Updating kwinrc:Windows:AutoRaise to 'off'
2011-11-06T02:32:36 kwin3_plugin.upd: Updating kwinrc:Windows:AutoRaiseInterval to '0'
2011-11-06T02:32:36 kwin3_plugin.upd: Updating kwinrc:Windows:BorderSnapZone to '10'
2011-11-06T02:32:36 kwin3_plugin.upd: Updating kwinrc:Windows:ClickRaise to 'on'
2011-11-06T02:32:36 kwin3_plugin.upd: Updating kwinrc:Windows:FocusPolicy to 'ClickToFocus'
2011-11-06T02:32:36 kwin3_plugin.upd: Updating kwinrc:Windows:MoveMode to 'Opaque'
2011-11-06T02:32:36 kwin3_plugin.upd: Updating kwinrc:Windows:ResizeMode to 'Opaque'
2011-11-06T02:32:36 kwin3_plugin.upd: Updating kwinrc:Windows:WindowSnapZone to '10'
2011-11-06T02:32:36 kwin3_plugin.upd: Updating kwinrc:Windows:WindowsPlacement to 'Smart'
2011-11-06T02:32:36 Checking update-file '/usr/share/kde4/apps/kconf_update/kcalcrc.upd' for new updates
2011-11-06T02:32:36 kcalcrc.upd: Found new update 'KDE_3_2_0'
2011-11-06T02:32:36 kcalcrc.upd: File 'kcalcrc' does not exist or empty, skipping
2011-11-06T02:32:36 Checking update-file '/usr/share/kde4/apps/kconf_update/kcmcddb-emailsettings.upd' for new updates
2011-11-06T02:32:36 kcmcddb-emailsettings.upd: Found new update 'kcmcddb_emailsettings'
2011-11-06T02:32:36 kcmcddb-emailsettings.upd: File 'kcmcddbrc' does not exist or empty, skipping
2011-11-06T02:32:36 Checking update-file '/usr/share/kde4/apps/kconf_update/kopete-pluginloader2.upd' for new updates
2011-11-06T02:32:36 kopete-pluginloader2.upd: Found new update 'kopete0.8/r1'
2011-11-06T02:32:36 kopete-pluginloader2.upd: Running script 'kopete-pluginloader2.sh'
2011-11-06T02:32:36 Checking update-file '/usr/share/kde4/apps/kconf_update/khotkeys_printscreen.upd' for new updates
2011-11-06T02:32:36 khotkeys_printscreen.upd: Found new update 'printscreen'
2011-11-06T02:32:36 khotkeys_printscreen.upd: Running script 'khotkeys_update' with arguments '--id printscreen'
2011-11-06T02:32:36 [Script] khotkeys_update(1828) KShortcut::KShortcut: unusable primary shortcut sequence  "" 
2011-11-06T02:32:36 Checking update-file '/usr/share/kde4/apps/kconf_update/khotkeys_32b1_update.upd' for new updates
2011-11-06T02:32:36 khotkeys_32b1_update.upd: Found new update 'kde32b1'
2011-11-06T02:32:36 khotkeys_32b1_update.upd: Running script 'khotkeys_update' with arguments '--id kde32b1'
2011-11-06T02:32:36 [Script] khotkeys_update(1831) KShortcut::KShortcut: unusable primary shortcut sequence  "" 
2011-11-06T02:32:36 Checking update-file '/usr/share/kde4/apps/kconf_update/kopete-jabberproxytype-kconf_update.upd' for new updates
2011-11-06T02:32:36 kopete-jabberproxytype-kconf_update.upd: Found new update 'kopete0.9/r1'
2011-11-06T02:32:36 kopete-jabberproxytype-kconf_update.upd: Running script 'kopete-jabberproxytype-kconf_update.sh'
2011-11-06T02:32:36 kopete-jabberproxytype-kconf_update.upd: Skipping kopeterc:KopeteChatWindowGroupMode:Height 1024, already exists.
2011-11-06T02:32:36 kopete-jabberproxytype-kconf_update.upd: Skipping kopeterc:KopeteChatWindowGroupMode:Height 1050, already exists.
2011-11-06T02:32:36 kopete-jabberproxytype-kconf_update.upd: Skipping kopeterc:KopeteChatWindowGroupMode:Height 1200, already exists.
2011-11-06T02:32:36 kopete-jabberproxytype-kconf_update.upd: Skipping kopeterc:KopeteChatWindowGroupMode:Height 480, already exists.
2011-11-06T02:32:36 kopete-jabberproxytype-kconf_update.upd: Skipping kopeterc:KopeteChatWindowGroupMode:Height 600, already exists.
2011-11-06T02:32:36 kopete-jabberproxytype-kconf_update.upd: Skipping kopeterc:KopeteChatWindowGroupMode:Height 768, already exists.
2011-11-06T02:32:36 kopete-jabberproxytype-kconf_update.upd: Skipping kopeterc:KopeteChatWindowGroupMode:Height 800, already exists.
2011-11-06T02:32:36 kopete-jabberproxytype-kconf_update.upd: Skipping kopeterc:KopeteChatWindowGroupMode:Width 1024, already exists.
2011-11-06T02:32:36 kopete-jabberproxytype-kconf_update.upd: Skipping kopeterc:KopeteChatWindowGroupMode:Width 1280, already exists.
2011-11-06T02:32:36 kopete-jabberproxytype-kconf_update.upd: Skipping kopeterc:KopeteChatWindowGroupMode:Width 1400, already exists.
2011-11-06T02:32:36 kopete-jabberproxytype-kconf_update.upd: Skipping kopeterc:KopeteChatWindowGroupMode:Width 1450, already exists.
2011-11-06T02:32:36 kopete-jabberproxytype-kconf_update.upd: Skipping kopeterc:KopeteChatWindowGroupMode:Width 1600, already exists.
2011-11-06T02:32:36 kopete-jabberproxytype-kconf_update.upd: Skipping kopeterc:KopeteChatWindowGroupMode:Width 1900, already exists.
2011-11-06T02:32:36 kopete-jabberproxytype-kconf_update.upd: Skipping kopeterc:KopeteChatWindowGroupMode:Width 800, already exists.
2011-11-06T02:32:36 kopete-jabberproxytype-kconf_update.upd: Skipping kopeterc:KopeteChatWindowIndividualMode:Height 1024, already exists.
2011-11-06T02:32:36 kopete-jabberproxytype-kconf_update.upd: Skipping kopeterc:KopeteChatWindowIndividualMode:Height 1050, already exists.
2011-11-06T02:32:36 kopete-jabberproxytype-kconf_update.upd: Skipping kopeterc:KopeteChatWindowIndividualMode:Height 1200, already exists.
2011-11-06T02:32:36 kopete-jabberproxytype-kconf_update.upd: Skipping kopeterc:KopeteChatWindowIndividualMode:Height 480, already exists.
2011-11-06T02:32:36 kopete-jabberproxytype-kconf_update.upd: Skipping kopeterc:KopeteChatWindowIndividualMode:Height 600, already exists.
2011-11-06T02:32:36 kopete-jabberproxytype-kconf_update.upd: Skipping kopeterc:KopeteChatWindowIndividualMode:Height 768, already exists.
2011-11-06T02:32:36 kopete-jabberproxytype-kconf_update.upd: Skipping kopeterc:KopeteChatWindowIndividualMode:Height 800, already exists.
2011-11-06T02:32:36 kopete-jabberproxytype-kconf_update.upd: Skipping kopeterc:KopeteChatWindowIndividualMode:Width 1024, already exists.
2011-11-06T02:32:36 kopete-jabberproxytype-kconf_update.upd: Skipping kopeterc:KopeteChatWindowIndividualMode:Width 1280, already exists.
2011-11-06T02:32:36 kopete-jabberproxytype-kconf_update.upd: Skipping kopeterc:KopeteChatWindowIndividualMode:Width 1400, already exists.
2011-11-06T02:32:36 kopete-jabberproxytype-kconf_update.upd: Skipping kopeterc:KopeteChatWindowIndividualMode:Width 1450, already exists.
2011-11-06T02:32:36 kopete-jabberproxytype-kconf_update.upd: Skipping kopeterc:KopeteChatWindowIndividualMode:Width 1600, already exists.
2011-11-06T02:32:36 kopete-jabberproxytype-kconf_update.upd: Skipping kopeterc:KopeteChatWindowIndividualMode:Width 1900, already exists.
2011-11-06T02:32:36 kopete-jabberproxytype-kconf_update.upd: Skipping kopeterc:KopeteChatWindowIndividualMode:Width 800, already exists.
2011-11-06T02:32:36 Checking update-file '/usr/share/kde4/apps/kconf_update/cervisia.upd' for new updates
2011-11-06T02:32:36 cervisia.upd: Found new update 'kde3.2/20021228'
2011-11-06T02:32:36 cervisia.upd: File 'cervisiapartrc' does not exist or empty, skipping
2011-11-06T02:32:36 cervisia.upd: Found new update 'kde3.2/20021229'
2011-11-06T02:32:36 cervisia.upd: File 'cervisiapartrc' does not exist or empty, skipping
2011-11-06T02:32:36 cervisia.upd: Found new update 'kde3.2/20030116'
2011-11-06T02:32:36 cervisia.upd: File 'cervisiapartrc' does not exist or empty, skipping
2011-11-06T02:32:36 cervisia.upd: File 'cervisiarc' does not exist or empty, skipping
2011-11-06T02:32:36 cervisia.upd: Found new update 'kde3.2/20030117'
2011-11-06T02:32:36 cervisia.upd: File 'cervisiapartrc' does not exist or empty, skipping
2011-11-06T02:32:36 cervisia.upd: Found new update 'kde3.2/20030118'
2011-11-06T02:32:36 cervisia.upd: File 'cervisiapartrc' does not exist or empty, skipping
2011-11-06T02:32:36 cervisia.upd: Skipping update 'kde3.2/20030118'
2011-11-06T02:32:36 cervisia.upd: File 'cervisiapartrc' does not exist or empty, skipping
2011-11-06T02:32:36 cervisia.upd: Found new update 'kde3.2/20030205'
2011-11-06T02:32:36 cervisia.upd: File 'cervisiapartrc' does not exist or empty, skipping
2011-11-06T02:32:36 cervisia.upd: Found new update 'kde3.2/20030210'
2011-11-06T02:32:36 cervisia.upd: File 'cervisiapartrc' does not exist or empty, skipping
2011-11-06T02:32:36 cervisia.upd: Found new update 'kde3.2/20030211'
2011-11-06T02:32:36 cervisia.upd: File 'cervisiapartrc' does not exist or empty, skipping
2011-11-06T02:32:36 cervisia.upd: Found new update 'kde3.2/20030212'
2011-11-06T02:32:36 cervisia.upd: File 'cervisiapartrc' does not exist or empty, skipping
2011-11-06T02:32:36 cervisia.upd: Found new update 'kde3.2/20030216'
2011-11-06T02:32:36 cervisia.upd: File 'cervisiapartrc' does not exist or empty, skipping
2011-11-06T02:32:36 cervisia.upd: Found new update 'kde3.2/20030725'
2011-11-06T02:32:36 cervisia.upd: File 'cervisiapartrc' does not exist or empty, skipping
2011-11-06T02:32:36 cervisia.upd: Found new update 'kde3.2/20030730'
2011-11-06T02:32:36 cervisia.upd: File 'cervisiapartrc' does not exist or empty, skipping
2011-11-06T02:32:36 cervisia.upd: Found new update 'kde3.2/20030829'
2011-11-06T02:32:36 cervisia.upd: File 'cervisiapartrc' does not exist or empty, skipping
2011-11-06T02:32:36 cervisia.upd: Found new update 'kde3.2/20031014'
2011-11-06T02:32:36 cervisia.upd: File 'cervisiapartrc' does not exist or empty, skipping
2011-11-06T02:32:36 cervisia.upd: Found new update 'kde3.4/20041112'
2011-11-06T02:32:36 cervisia.upd: File 'cvsservicerc' does not exist or empty, skipping
2011-11-06T02:32:36 cervisia.upd: Found new update 'kde3.4/20041207'
2011-11-06T02:32:36 cervisia.upd: File 'cervisiapartrc' does not exist or empty, skipping
2011-11-06T02:32:36 Checking update-file '/usr/share/kde4/apps/kconf_update/kwiniconify.upd' for new updates
2011-11-06T02:32:36 kwiniconify.upd: Found new update 'iconifyupd3.1'
2011-11-06T02:32:36 kwiniconify.upd: File 'kwin.eventsrc' does not exist or empty, skipping
